<?xml version="1.0" encoding="UTF-8" ?>
<testsuite errors="0" failures="0" hostname="Prakash-PC" name="test.com.server.AppTestSuite" skipped="0" tests="33" time="3.301" timestamp="2021-02-28T18:21:52">
  <properties>
[...]
</properties>
  <testcase classname="test.com.server.TestHttpLoginPage" name="verifyLoginPageFormPasswordElement" time="1.67" />
  <testcase classname="test.com.server.TestHttpLoginPage" name="verifyLoginPageFormLineBreakIndex" time="0.101" />
  <testcase classname="test.com.server.TestHttpLoginPage" name="verifyLoginPageFormSecondLineBreakIndex" time="0.093" />
  <testcase classname="test.com.server.TestHttpLoginPage" name="verifyLoginPageFormSubmitButtonValue" time="0.078" />
  <testcase classname="test.com.server.TestHttpLoginPage" name="verifyLoginPageFormSubmitButtonIDValue" time="0.075" />
  <testcase classname="test.com.server.TestHttpLoginPage" name="verifyLoginPageFormClearButtonValue" time="0.136" />
  <testcase classname="test.com.server.TestHttpLoginPage" name="verifyLoginPageTitle" time="0.036" />
  <testcase classname="test.com.server.TestHttpLoginPage" name="verifyLoginFormID" time="0.023" />
  <testcase classname="test.com.server.TestHttpLoginPage" name="checkLoginFormAction" time="0.02" />
  <testcase classname="test.com.server.TestHttpLoginPage" name="checkLoginFormMethod" time="0.021" />
  <testcase classname="test.com.server.TestHttpLoginPage" name="verifyLoginPageFormElements" time="0.031" />
  <testcase classname="test.com.server.TestHttpLoginPage" name="verifyLoginPageFormNameElement" time="0.023" />
  <testcase classname="test.com.server.TestHttpLoginPage" name="verifyLoginPageFormNameSize" time="0.026" />
  <testcase classname="test.com.server.TestHttpLoginPage" name="verifyLoginPageFormByName" time="0.032" />
  <testcase classname="test.com.server.TestHttpLoginPage" name="verifyLoginPageForm" time="0.036" />
  <testcase classname="test.com.server.TestHttpLoginPage" name="verifyLoginPageMessage" time="0.061" />
  <testcase classname="test.com.server.TestHttpLoginPage" name="verifyLoginPageExists" time="0.052" />
  <testcase classname="test.com.server.TestHttpLoginPage" name="verifyLoginPageFormPasswordType" time="0.017" />
  <testcase classname="test.com.server.TestHttpLoginPage" name="verifyLoginPageFormLabels" time="0.017" />
  <testcase classname="test.com.server.TestHttpLoginPage" name="verifyLoginPageFormUnameLabel" time="0.013" />
  <testcase classname="test.com.server.TestHttpLoginPage" name="verifyLoginPageFormPasswordLabel" time="0.012" />
  <testcase classname="test.com.server.TestHttpLoginPage" name="verifyLoginPageFormChildren" time="0.024" />
  <testcase classname="test.com.server.TestHttpLoginPage" name="verifyLoginPageFormLineBreak" time="0.013" />
  <testcase classname="test.com.server.TestHttpLoginPage" name="verifyLoginPageFormSubmitButton" time="0.016" />
  <testcase classname="test.com.server.TestHttpLoginPage" name="verifyLoginPageFormClearButton" time="0.012" />
  <testcase classname="test.com.server.TestLoginServlet" name="verifyGetSubmitHttpRequestToLoginServlet" time="0.306" />
  <testcase classname="test.com.server.TestLoginServlet" name="verifyPostSubmitHttpRequestToLoginServlet" time="0.004" />
  <testcase classname="test.com.server.TestLoginServlet" name="verifyLoginServletObject" time="0.001" />
  <testcase classname="test.com.server.TestLoginServlet" name="verifyLoginServletInit" time="0.001" />
  <testcase classname="test.com.server.TestLoginServlet" name="verifyLoginErrorLoginServlet" time="0.002" />
  <testcase classname="test.com.server.TestUserService" name="verifyServiceObject" time="0.001" />
  <testcase classname="test.com.server.TestUserService" name="verifyValidationSuccess" time="0.0" />
  <testcase classname="test.com.server.TestUserService" name="verifyValidationError" time="0.0" />
  <system-out><![CDATA[LoginServlet init 
LoginServlet init 
LoginServlet init 
LoginServlet init 
LoginServlet init 
LoginServlet init 
]]></system-out>
  <system-err><![CDATA[]]></system-err>
</testsuite>
